0 info it worked if it ends with ok
1 verbose cli [ '/Users/ryo/.nodebrew/node/v7.2.0/bin/node',
1 verbose cli   '/Users/ryo/.nodebrew/current/bin/npm',
1 verbose cli   'run',
1 verbose cli   'debug' ]
2 info using npm@3.10.9
3 info using node@v7.2.0
4 verbose run-script [ 'predebug', 'debug', 'postdebug' ]
5 info lifecycle day5@0.0.1~predebug: day5@0.0.1
6 silly lifecycle day5@0.0.1~predebug: no script for predebug, continuing
7 info lifecycle day5@0.0.1~debug: day5@0.0.1
8 verbose lifecycle day5@0.0.1~debug: unsafe-perm in lifecycle true
9 verbose lifecycle day5@0.0.1~debug: PATH: /Users/ryo/.nodebrew/node/v7.2.0/lib/node_modules/npm/bin/node-gyp-bin:/Users/ryo/temp/kanrihyo/node_modules/.bin:/Users/ryo/.nodebrew/node/v7.2.0/bin:/usr/local/Cellar/pyenv-virtualenv/1.0.0/shims:/Users/ryo/.pyenv/shims:/Users/ryo/.pyenv/bin:/Users/ryo/.nodebrew/current/bin:/Users/ryo/.rbenv/shims:/usr/local/bin:/Users/ryo/.rbenv/shims:/usr/local/bin:/usr/bin:/bin:/usr/sbin:/sbin:/Applications/Wireshark.app/Contents/MacOS:/usr/local/Cellar/pyenv-virtualenv/1.0.0/shims:/Users/ryo/.pyenv/shims:/Users/ryo/.pyenv/bin:/Users/ryo/.nodebrew/current/bin:/Users/ryo/.rbenv/shims:./node_modules/.bin:/Users/ryo/.bin:/usr/local/opt/go/libexec/bin:/Users/ryo/go/bin:./node_modules/.bin:/Users/ryo/.bin:/usr/local/opt/go/libexec/bin:/Users/ryo/go/bin
10 verbose lifecycle day5@0.0.1~debug: CWD: /Users/ryo/temp/kanrihyo
11 silly lifecycle day5@0.0.1~debug: Args: [ '-c', 'gulp build && webpack-dev-server --hot --inline' ]
12 silly lifecycle day5@0.0.1~debug: Returned: code: 1  signal: null
13 info lifecycle day5@0.0.1~debug: Failed to exec debug script
14 verbose stack Error: day5@0.0.1 debug: `gulp build && webpack-dev-server --hot --inline`
14 verbose stack Exit status 1
14 verbose stack     at EventEmitter.<anonymous> (/Users/ryo/.nodebrew/node/v7.2.0/lib/node_modules/npm/lib/utils/lifecycle.js:255:16)
14 verbose stack     at emitTwo (events.js:106:13)
14 verbose stack     at EventEmitter.emit (events.js:191:7)
14 verbose stack     at ChildProcess.<anonymous> (/Users/ryo/.nodebrew/node/v7.2.0/lib/node_modules/npm/lib/utils/spawn.js:40:14)
14 verbose stack     at emitTwo (events.js:106:13)
14 verbose stack     at ChildProcess.emit (events.js:191:7)
14 verbose stack     at maybeClose (internal/child_process.js:885:16)
14 verbose stack     at Process.ChildProcess._handle.onexit (internal/child_process.js:226:5)
15 verbose pkgid day5@0.0.1
16 verbose cwd /Users/ryo/temp/kanrihyo
17 error Darwin 16.6.0
18 error argv "/Users/ryo/.nodebrew/node/v7.2.0/bin/node" "/Users/ryo/.nodebrew/current/bin/npm" "run" "debug"
19 error node v7.2.0
20 error npm  v3.10.9
21 error code ELIFECYCLE
22 error day5@0.0.1 debug: `gulp build && webpack-dev-server --hot --inline`
22 error Exit status 1
23 error Failed at the day5@0.0.1 debug script 'gulp build && webpack-dev-server --hot --inline'.
23 error Make sure you have the latest version of node.js and npm installed.
23 error If you do, this is most likely a problem with the day5 package,
23 error not with npm itself.
23 error Tell the author that this fails on your system:
23 error     gulp build && webpack-dev-server --hot --inline
23 error You can get information on how to open an issue for this project with:
23 error     npm bugs day5
23 error Or if that isn't available, you can get their info via:
23 error     npm owner ls day5
23 error There is likely additional logging output above.
24 verbose exit [ 1, true ]
